{"ts":1720784802621,"action":"PROJECT_OPENED","tags":{"PROJECT_NAME":"NewsReader"}}
{"ts":1720784806765,"action":"IDE_DEACTIVATED"}
{"ts":1720784807968,"action":"IDE_ACTIVATED"}
{"ts":1720784851358,"action":"FILE_CLOSED","file":"/app/src/main/java/com/ritesh/newsreader/MainActivity.kt","tags":{"FILE_LINE_OF_CODE":"43"}}
{"ts":1720784851358,"action":"FILE_OPENED","file":"/settings.gradle.kts","tags":{"FILE_LINE_OF_CODE":"24"}}
{"ts":1720784855520,"action":"FILE_CLOSED","file":"/settings.gradle.kts","tags":{"FILE_LINE_OF_CODE":"24"}}
{"ts":1720784855524,"action":"FILE_OPENED","file":"/app/src/main/java/com/ritesh/newsreader/MainActivity.kt","tags":{"FILE_LINE_OF_CODE":"43"}}
{"ts":1720784857587,"action":"FILE_CLOSED","file":"/app/src/main/java/com/ritesh/newsreader/MainActivity.kt","tags":{"FILE_LINE_OF_CODE":"43"}}
{"ts":1720784857587,"action":"FILE_OPENED","file":"/local.properties","tags":{"FILE_LINE_OF_CODE":"10"}}
{"ts":1720784859981,"action":"FILE_CLOSED","file":"/local.properties","tags":{"FILE_LINE_OF_CODE":"10"}}
{"ts":1720784859997,"action":"FILE_OPENED","file":"/app/src/main/java/com/ritesh/newsreader/MainActivity.kt","tags":{"FILE_LINE_OF_CODE":"43"}}
{"ts":1720784866157,"action":"FILE_CLOSED","file":"/app/src/main/java/com/ritesh/newsreader/MainActivity.kt","tags":{"FILE_LINE_OF_CODE":"43"}}
{"ts":1720784866157,"action":"FILE_OPENED","file":"/gradle/libs.versions.toml","tags":{"FILE_LINE_OF_CODE":"32"}}
{"ts":1720784869975,"action":"FILE_CLOSED","file":"/gradle/libs.versions.toml","tags":{"FILE_LINE_OF_CODE":"32"}}
{"ts":1720784869975,"action":"FILE_OPENED","file":"/build.gradle.kts","tags":{"FILE_LINE_OF_CODE":"5"}}
{"ts":1720784876524,"action":"FILE_CLOSED","file":"/build.gradle.kts","tags":{"FILE_LINE_OF_CODE":"5"}}
{"ts":1720784876528,"action":"FILE_OPENED","file":"/gradle/libs.versions.toml","tags":{"FILE_LINE_OF_CODE":"32"}}
{"ts":1720784881627,"action":"FILE_CLOSED","file":"/gradle/libs.versions.toml","tags":{"FILE_LINE_OF_CODE":"32"}}
{"ts":1720784881627,"action":"FILE_OPENED","file":"/app/build.gradle.kts","tags":{"FILE_LINE_OF_CODE":"66"}}
{"ts":1720784915373,"action":"FILE_CLOSED","file":"/app/build.gradle.kts","tags":{"FILE_LINE_OF_CODE":"66"}}
{"ts":1720784915373,"action":"FILE_OPENED","file":"/app/src/main/java/com/ritesh/newsreader/MainActivity.kt","tags":{"FILE_LINE_OF_CODE":"43"}}
{"ts":1720784923145,"action":"FILE_CLOSED","file":"/app/src/main/java/com/ritesh/newsreader/MainActivity.kt","tags":{"FILE_LINE_OF_CODE":"43"}}
{"ts":1720784923145,"action":"FILE_OPENED","file":"/app/src/main/java/com/ritesh/newsreader/ui/theme/Theme.kt","tags":{"FILE_LINE_OF_CODE":"70"}}
{"ts":1720784928405,"action":"FILE_CLOSED","file":"/app/src/main/java/com/ritesh/newsreader/ui/theme/Theme.kt","tags":{"FILE_LINE_OF_CODE":"70"}}
{"ts":1720784929210,"action":"FILE_OPENED","file":"/app/src/main/java/com/ritesh/newsreader/MainActivity.kt","tags":{"FILE_LINE_OF_CODE":"43"}}
{"ts":1720784956917,"action":"IDE_DEACTIVATED"}
{"ts":1720784956980,"action":"IDE_ACTIVATED"}
{"ts":1720785000804,"action":"IDE_DEACTIVATED"}
{"ts":1720785000814,"action":"IDE_ACTIVATED"}
{"ts":1720785026783,"action":"IDE_DEACTIVATED"}
{"ts":1720785026804,"action":"IDE_ACTIVATED"}
{"ts":1720785046588,"action":"FILE_CLOSED","file":"/app/src/main/java/com/ritesh/newsreader/MainActivity.kt","tags":{"FILE_LINE_OF_CODE":"43"}}
{"ts":1720785046588,"action":"FILE_OPENED","file":"/app/src/main/java/com/ritesh/newsreader/NewsReaderApp.kt","tags":{"FILE_LINE_OF_CODE":"4"}}
{"ts":1720785057668,"action":"IDE_DEACTIVATED"}
{"ts":1720785057669,"action":"IDE_ACTIVATED"}
{"ts":1720785084092,"action":"IDE_DEACTIVATED"}
{"ts":1720785084095,"action":"IDE_ACTIVATED"}
{"ts":1720785263546,"action":"IDE_DEACTIVATED"}
{"ts":1720785263557,"action":"IDE_ACTIVATED"}
{"ts":1720785324571,"action":"IDE_DEACTIVATED"}
{"ts":1720785324572,"action":"IDE_ACTIVATED"}
{"ts":1720785328485,"action":"IDE_DEACTIVATED"}
{"ts":1720785328537,"action":"IDE_ACTIVATED"}
{"ts":1720785400620,"action":"FILE_CLOSED","file":"/app/src/main/java/com/ritesh/newsreader/NewsReaderApp.kt","tags":{"FILE_LINE_OF_CODE":"6"}}
{"ts":1720785400620,"action":"FILE_OPENED","file":"/app/src/main/java/com/ritesh/newsreader/articles/ArticlesResponse.kt","tags":{"FILE_LINE_OF_CODE":"14"}}
{"ts":1720785440640,"action":"IDE_DEACTIVATED"}
{"ts":1720785440643,"action":"IDE_ACTIVATED"}
{"ts":1720785445888,"action":"IDE_DEACTIVATED"}
{"ts":1720785445937,"action":"IDE_ACTIVATED"}
{"ts":1720785461575,"action":"IDE_DEACTIVATED"}
{"ts":1720785463961,"action":"IDE_ACTIVATED"}
{"ts":1720785517577,"action":"IDE_DEACTIVATED"}
{"ts":1720785662949,"action":"IDE_ACTIVATED"}
{"ts":1720785693274,"action":"FILE_CLOSED","file":"/app/src/main/java/com/ritesh/newsreader/articles/ArticlesResponse.kt","tags":{"FILE_LINE_OF_CODE":"14"}}
{"ts":1720785693274,"action":"FILE_OPENED","file":"/gradle/libs.versions.toml","tags":{"FILE_LINE_OF_CODE":"32"}}
{"ts":1720785727399,"action":"IDE_DEACTIVATED"}
{"ts":1720785743846,"action":"IDE_ACTIVATED"}
{"ts":1720785816643,"action":"IDE_DEACTIVATED"}
{"ts":1720785828622,"action":"IDE_ACTIVATED"}
{"ts":1720785977130,"action":"FILE_CLOSED","file":"/gradle/libs.versions.toml","tags":{"FILE_LINE_OF_CODE":"40"}}
{"ts":1720785977130,"action":"FILE_OPENED","file":"/app/build.gradle.kts","tags":{"FILE_LINE_OF_CODE":"66"}}
{"ts":1720786037694,"action":"FILE_CLOSED","file":"/app/build.gradle.kts","tags":{"FILE_LINE_OF_CODE":"71"}}
{"ts":1720786037694,"action":"FILE_OPENED","file":"/app/src/main/java/com/ritesh/newsreader/articles/ArticlesResponse.kt","tags":{"FILE_LINE_OF_CODE":"14"}}
{"ts":1720786078898,"action":"IDE_DEACTIVATED"}
{"ts":1720786088826,"action":"IDE_ACTIVATED"}
{"ts":1720786118449,"action":"IDE_DEACTIVATED"}
{"ts":1720786141692,"action":"IDE_ACTIVATED"}
{"ts":1720786147015,"action":"IDE_DEACTIVATED"}
{"ts":1720786158510,"action":"IDE_ACTIVATED"}
{"ts":1720786220848,"action":"FILE_CLOSED","file":"/app/src/main/java/com/ritesh/newsreader/articles/ArticlesResponse.kt","tags":{"FILE_LINE_OF_CODE":"13"}}
{"ts":1720786220848,"action":"FILE_OPENED","file":"/gradle/libs.versions.toml","tags":{"FILE_LINE_OF_CODE":"40"}}
{"ts":1720786236540,"action":"IDE_DEACTIVATED"}
{"ts":1720786236542,"action":"IDE_ACTIVATED"}
{"ts":1720786270248,"action":"FILE_CLOSED","file":"/gradle/libs.versions.toml","tags":{"FILE_LINE_OF_CODE":"40"}}
{"ts":1720786270248,"action":"FILE_OPENED","file":"/app/src/main/java/com/ritesh/newsreader/articles/ArticlesResponse.kt","tags":{"FILE_LINE_OF_CODE":"13"}}
{"ts":1720786298125,"action":"IDE_DEACTIVATED"}
{"ts":1720786298126,"action":"IDE_ACTIVATED"}
{"ts":1720786323148,"action":"IDE_DEACTIVATED"}
{"ts":1720786324613,"action":"IDE_ACTIVATED"}
{"ts":1720786525975,"action":"IDE_DEACTIVATED"}
{"ts":1720786525981,"action":"IDE_ACTIVATED"}
{"ts":1720786537373,"action":"FILE_CLOSED","file":"/app/src/main/java/com/ritesh/newsreader/articles/ArticlesResponse.kt","tags":{"FILE_LINE_OF_CODE":"14"}}
{"ts":1720786537373,"action":"FILE_OPENED","file":"/gradle/libs.versions.toml","tags":{"FILE_LINE_OF_CODE":"40"}}
{"ts":1720786788639,"action":"IDE_DEACTIVATED"}
{"ts":1720786788640,"action":"IDE_ACTIVATED"}
{"ts":1720786793523,"action":"IDE_DEACTIVATED"}
{"ts":1720786793631,"action":"IDE_ACTIVATED"}
{"ts":1720786849611,"action":"IDE_DEACTIVATED"}
{"ts":1720786849614,"action":"IDE_ACTIVATED"}
{"ts":1720786850847,"action":"FILE_CLOSED","file":"/gradle/libs.versions.toml","tags":{"FILE_LINE_OF_CODE":"48"}}
{"ts":1720786850847,"action":"FILE_OPENED","file":"/app/build.gradle.kts","tags":{"FILE_LINE_OF_CODE":"71"}}
{"ts":1720786913804,"action":"IDE_DEACTIVATED"}
{"ts":1720786913806,"action":"IDE_ACTIVATED"}
{"ts":1720786954299,"action":"FILE_CLOSED","file":"/app/build.gradle.kts","tags":{"FILE_LINE_OF_CODE":"74"}}
{"ts":1720786954299,"action":"FILE_OPENED","file":"/app/src/main/java/com/ritesh/newsreader/articles/ArticlesResponse.kt","tags":{"FILE_LINE_OF_CODE":"14"}}
{"ts":1720787002992,"action":"IDE_DEACTIVATED"}
{"ts":1720787002995,"action":"IDE_ACTIVATED"}
{"ts":1720787054680,"action":"IDE_DEACTIVATED"}
{"ts":1720787054702,"action":"IDE_ACTIVATED"}
{"ts":1720787056644,"action":"FILE_CLOSED","file":"/app/src/main/java/com/ritesh/newsreader/articles/ArticlesResponse.kt","tags":{"FILE_LINE_OF_CODE":"14"}}
{"ts":1720787056644,"action":"FILE_OPENED","file":"/gradle/libs.versions.toml","tags":{"FILE_LINE_OF_CODE":"48"}}
{"ts":1720787138495,"action":"FILE_CLOSED","file":"/gradle/libs.versions.toml","tags":{"FILE_LINE_OF_CODE":"51"}}
{"ts":1720787138495,"action":"FILE_OPENED","file":"/app/build.gradle.kts","tags":{"FILE_LINE_OF_CODE":"74"}}
{"ts":1720787172696,"action":"FILE_CLOSED","file":"/app/build.gradle.kts","tags":{"FILE_LINE_OF_CODE":"75"}}
{"ts":1720787172696,"action":"FILE_OPENED","file":"/app/src/main/java/com/ritesh/newsreader/articles/ArticlesResponse.kt","tags":{"FILE_LINE_OF_CODE":"14"}}
{"ts":1720787224873,"action":"IDE_DEACTIVATED"}
{"ts":1720787224876,"action":"IDE_ACTIVATED"}
{"ts":1720787308383,"action":"IDE_DEACTIVATED"}
{"ts":1720787308451,"action":"IDE_ACTIVATED"}
{"ts":1720787322130,"action":"IDE_DEACTIVATED"}
{"ts":1720787322131,"action":"IDE_ACTIVATED"}
{"ts":1720787387137,"action":"IDE_DEACTIVATED"}
{"ts":1720787387140,"action":"IDE_ACTIVATED"}
{"ts":1720787524493,"action":"IDE_DEACTIVATED"}
{"ts":1720787609602,"action":"IDE_ACTIVATED"}
{"ts":1720787672255,"action":"IDE_DEACTIVATED"}
{"ts":1720787672258,"action":"IDE_ACTIVATED"}
{"ts":1720787699638,"action":"IDE_DEACTIVATED"}
{"ts":1720787699644,"action":"IDE_ACTIVATED"}
{"ts":1720787754886,"action":"FILE_CLOSED","file":"/app/src/main/java/com/ritesh/newsreader/articles/ArticlesResponse.kt","tags":{"FILE_LINE_OF_CODE":"17"}}
{"ts":1720787754886,"action":"FILE_OPENED","file":"/app/src/main/java/com/ritesh/newsreader/articles/data/ApiArticle.kt","tags":{"FILE_LINE_OF_CODE":"29"}}
{"ts":1720787799487,"action":"FILE_CLOSED","file":"/app/src/main/java/com/ritesh/newsreader/articles/data/ApiArticle.kt","tags":{"FILE_LINE_OF_CODE":"31"}}
{"ts":1720787799487,"action":"FILE_OPENED","file":"/app/src/main/java/com/ritesh/newsreader/articles/data/ArticlesResponse.kt","tags":{"FILE_LINE_OF_CODE":"17"}}
{"ts":1720787818707,"action":"IDE_DEACTIVATED"}
{"ts":1720787818709,"action":"IDE_ACTIVATED"}
{"ts":1720787827435,"action":"IDE_DEACTIVATED"}
{"ts":1720787827444,"action":"IDE_ACTIVATED"}
{"ts":1720787833798,"action":"IDE_DEACTIVATED"}
{"ts":1720787833801,"action":"IDE_ACTIVATED"}
{"ts":1720787949540,"action":"FILE_CLOSED","file":"/app/src/main/java/com/ritesh/newsreader/articles/data/ArticlesResponse.kt","tags":{"FILE_LINE_OF_CODE":"17"}}
{"ts":1720787949540,"action":"FILE_OPENED","file":"/app/src/main/java/com/ritesh/newsreader/articles/data/Country.kt","tags":{"FILE_LINE_OF_CODE":"4"}}
{"ts":1720787957820,"action":"IDE_DEACTIVATED"}
{"ts":1720787957821,"action":"IDE_ACTIVATED"}
{"ts":1720787971713,"action":"FILE_CLOSED","file":"/app/src/main/java/com/ritesh/newsreader/articles/data/Country.kt","tags":{"FILE_LINE_OF_CODE":"4"}}
{"ts":1720787971713,"action":"FILE_OPENED","file":"/app/src/main/java/com/ritesh/newsreader/articles/data/Language.kt","tags":{"FILE_LINE_OF_CODE":"4"}}
{"ts":1720787976995,"action":"IDE_DEACTIVATED"}
{"ts":1720787976996,"action":"IDE_ACTIVATED"}
{"ts":1720788009497,"action":"IDE_DEACTIVATED"}
{"ts":1720788009500,"action":"IDE_ACTIVATED"}
{"ts":1720788020182,"action":"IDE_DEACTIVATED"}
{"ts":1720788023208,"action":"IDE_ACTIVATED"}
{"ts":1720788033592,"action":"IDE_DEACTIVATED"}
{"ts":1720788048276,"action":"IDE_ACTIVATED"}
{"ts":1720788209115,"action":"IDE_DEACTIVATED"}
{"ts":1720788209116,"action":"IDE_ACTIVATED"}
{"ts":1720788214782,"action":"IDE_DEACTIVATED"}
{"ts":1720788214790,"action":"IDE_ACTIVATED"}
{"ts":1720788217162,"action":"FILE_CLOSED","file":"/app/src/main/java/com/ritesh/newsreader/articles/data/Language.kt","tags":{"FILE_LINE_OF_CODE":"4"}}
{"ts":1720788217162,"action":"FILE_OPENED","file":"/app/src/main/java/com/ritesh/newsreader/articles/data/ApiArticle.kt","tags":{"FILE_LINE_OF_CODE":"31"}}
{"ts":1720788243936,"action":"FILE_CLOSED","file":"/app/src/main/java/com/ritesh/newsreader/articles/data/ApiArticle.kt","tags":{"FILE_LINE_OF_CODE":"31"}}
{"ts":1720788243936,"action":"FILE_OPENED","file":"/app/src/main/java/com/ritesh/newsreader/articles/data/ArticlesResponse.kt","tags":{"FILE_LINE_OF_CODE":"17"}}
{"ts":1720788288521,"action":"IDE_DEACTIVATED"}
{"ts":1720788288523,"action":"IDE_ACTIVATED"}
{"ts":1720788318538,"action":"FILE_CLOSED","file":"/app/src/main/java/com/ritesh/newsreader/articles/data/ArticlesResponse.kt","tags":{"FILE_LINE_OF_CODE":"17"}}
{"ts":1720788318538,"action":"FILE_OPENED","file":"/app/src/main/java/com/ritesh/newsreader/articles/data/repository/ArticleRepositry.kt","tags":{"FILE_LINE_OF_CODE":"4"}}
{"ts":1720788425560,"action":"IDE_DEACTIVATED"}
{"ts":1720788425563,"action":"IDE_ACTIVATED"}
{"ts":1720788487983,"action":"IDE_DEACTIVATED"}
{"ts":1720788487984,"action":"IDE_ACTIVATED"}
{"ts":1720788507953,"action":"FILE_CLOSED","file":"/app/src/main/java/com/ritesh/newsreader/articles/data/repository/ArticleRepository.kt","tags":{"FILE_LINE_OF_CODE":"8"}}
{"ts":1720788507953,"action":"FILE_OPENED","file":"/app/src/main/java/com/ritesh/newsreader/AppConstants.kt","tags":{"FILE_LINE_OF_CODE":"4"}}
{"ts":1720788527157,"action":"IDE_DEACTIVATED"}
{"ts":1720788527165,"action":"IDE_ACTIVATED"}
{"ts":1720788533309,"action":"FILE_CLOSED","file":"/app/src/main/java/com/ritesh/newsreader/AppConstants.kt","tags":{"FILE_LINE_OF_CODE":"9"}}
{"ts":1720788533309,"action":"FILE_OPENED","file":"/app/src/main/java/com/ritesh/newsreader/articles/data/repository/ArticleRepository.kt","tags":{"FILE_LINE_OF_CODE":"8"}}
{"ts":1720788570652,"action":"IDE_DEACTIVATED"}
{"ts":1720788570653,"action":"IDE_ACTIVATED"}
{"ts":1720788595778,"action":"IDE_DEACTIVATED"}
{"ts":1720788595779,"action":"IDE_ACTIVATED"}
{"ts":1720788611662,"action":"IDE_DEACTIVATED"}
{"ts":1720788611663,"action":"IDE_ACTIVATED"}
{"ts":1720788682180,"action":"IDE_DEACTIVATED"}
{"ts":1720788682182,"action":"IDE_ACTIVATED"}
{"ts":1720788739285,"action":"IDE_DEACTIVATED"}
{"ts":1720788739286,"action":"IDE_ACTIVATED"}
{"ts":1720788741815,"action":"FILE_CLOSED","file":"/app/src/main/java/com/ritesh/newsreader/articles/data/repository/ArticleRepository.kt","tags":{"FILE_LINE_OF_CODE":"43"}}
{"ts":1720788741815,"action":"FILE_OPENED","file":"/app/src/main/java/com/ritesh/newsreader/AppConstants.kt","tags":{"FILE_LINE_OF_CODE":"9"}}
{"ts":1720788777187,"action":"IDE_DEACTIVATED"}
{"ts":1720788777197,"action":"IDE_ACTIVATED"}
{"ts":1720788792842,"action":"FILE_CLOSED","file":"/app/src/main/java/com/ritesh/newsreader/AppConstants.kt","tags":{"FILE_LINE_OF_CODE":"85"}}
{"ts":1720788792842,"action":"FILE_OPENED","file":"/app/src/main/java/com/ritesh/newsreader/articles/data/repository/ArticleRepository.kt","tags":{"FILE_LINE_OF_CODE":"43"}}
{"ts":1720788835363,"action":"IDE_DEACTIVATED"}
{"ts":1720788835365,"action":"IDE_ACTIVATED"}
{"ts":1720788867703,"action":"IDE_DEACTIVATED"}
{"ts":1720788867704,"action":"IDE_ACTIVATED"}
{"ts":1720789074029,"action":"IDE_DEACTIVATED"}
{"ts":1720789280703,"action":"IDE_ACTIVATED"}
{"ts":1720789316402,"action":"IDE_DEACTIVATED"}
{"ts":1720789316403,"action":"IDE_ACTIVATED"}
{"ts":1720789360709,"action":"FILE_CLOSED","file":"/app/src/main/java/com/ritesh/newsreader/articles/data/repository/ArticleRepository.kt","tags":{"FILE_LINE_OF_CODE":"55"}}
{"ts":1720789360709,"action":"FILE_OPENED","file":"/app/src/main/java/com/ritesh/newsreader/articles/data/ArticlesResponse.kt","tags":{"FILE_LINE_OF_CODE":"17"}}
{"ts":1720789364272,"action":"FILE_CLOSED","file":"/app/src/main/java/com/ritesh/newsreader/articles/data/ArticlesResponse.kt","tags":{"FILE_LINE_OF_CODE":"17"}}
{"ts":1720789364272,"action":"FILE_OPENED","file":"/app/src/main/java/com/ritesh/newsreader/articles/data/ApiArticle.kt","tags":{"FILE_LINE_OF_CODE":"31"}}
{"ts":1720789408303,"action":"IDE_DEACTIVATED"}
{"ts":1720789408304,"action":"IDE_ACTIVATED"}
{"ts":1720789434696,"action":"FILE_CLOSED","file":"/app/src/main/java/com/ritesh/newsreader/articles/data/ApiArticle.kt","tags":{"FILE_LINE_OF_CODE":"31"}}
{"ts":1720789434696,"action":"FILE_OPENED","file":"/app/src/main/java/com/ritesh/newsreader/sources/SourcesResponse.kt","tags":{"FILE_LINE_OF_CODE":"4"}}
{"ts":1720789486109,"action":"FILE_CLOSED","file":"/app/src/main/java/com/ritesh/newsreader/sources/data/model/SourcesResponse.kt","tags":{"FILE_LINE_OF_CODE":"13"}}
{"ts":1720789486109,"action":"FILE_OPENED","file":"/app/src/main/java/com/ritesh/newsreader/articles/data/ApiArticle.kt","tags":{"FILE_LINE_OF_CODE":"31"}}
{"ts":1720789503267,"action":"FILE_CLOSED","file":"/app/src/main/java/com/ritesh/newsreader/articles/data/ApiArticle.kt","tags":{"FILE_LINE_OF_CODE":"31"}}
{"ts":1720789503267,"action":"FILE_OPENED","file":"/app/src/main/java/com/ritesh/newsreader/sources/data/model/ApiSource.kt","tags":{"FILE_LINE_OF_CODE":"4"}}
{"ts":1720789517145,"action":"IDE_DEACTIVATED"}
{"ts":1720789517147,"action":"IDE_ACTIVATED"}
{"ts":1720789543435,"action":"FILE_CLOSED","file":"/app/src/main/java/com/ritesh/newsreader/sources/data/model/ApiSource.kt","tags":{"FILE_LINE_OF_CODE":"13"}}
{"ts":1720789543435,"action":"FILE_OPENED","file":"/app/src/main/java/com/ritesh/newsreader/sources/data/model/SourcesResponse.kt","tags":{"FILE_LINE_OF_CODE":"13"}}
{"ts":1720789558039,"action":"FILE_CLOSED","file":"/app/src/main/java/com/ritesh/newsreader/sources/data/model/SourcesResponse.kt","tags":{"FILE_LINE_OF_CODE":"13"}}
{"ts":1720789558039,"action":"FILE_OPENED","file":"/app/src/main/java/com/ritesh/newsreader/articles/data/ArticlesResponse.kt","tags":{"FILE_LINE_OF_CODE":"17"}}
{"ts":1720789565319,"action":"FILE_CLOSED","file":"/app/src/main/java/com/ritesh/newsreader/articles/data/ArticlesResponse.kt","tags":{"FILE_LINE_OF_CODE":"17"}}
{"ts":1720789565319,"action":"FILE_OPENED","file":"/app/src/main/java/com/ritesh/newsreader/sources/data/model/SourcesResponse.kt","tags":{"FILE_LINE_OF_CODE":"13"}}
{"ts":1720789600394,"action":"IDE_DEACTIVATED"}
{"ts":1720789600395,"action":"IDE_ACTIVATED"}
{"ts":1720789752715,"action":"IDE_DEACTIVATED"}
{"ts":1720789752716,"action":"IDE_ACTIVATED"}
{"ts":1720789774154,"action":"FILE_CLOSED","file":"/app/src/main/java/com/ritesh/newsreader/sources/data/model/SourcesResponse.kt","tags":{"FILE_LINE_OF_CODE":"16"}}
{"ts":1720789774154,"action":"FILE_OPENED","file":"/app/src/main/java/com/ritesh/newsreader/articles/data/repository/network/ApiInterface.kt","tags":{"FILE_LINE_OF_CODE":"4"}}
{"ts":1720789795732,"action":"IDE_DEACTIVATED"}
{"ts":1720789795740,"action":"IDE_ACTIVATED"}
{"ts":1720789894866,"action":"IDE_DEACTIVATED"}
{"ts":1720789894867,"action":"IDE_ACTIVATED"}
{"ts":1720789899108,"action":"FILE_CLOSED","file":"/app/src/main/java/com/ritesh/newsreader/articles/data/repository/network/ApiInterface.kt","tags":{"FILE_LINE_OF_CODE":"45"}}
{"ts":1720789899108,"action":"FILE_OPENED","file":"/app/src/main/java/com/ritesh/newsreader/AppConstants.kt","tags":{"FILE_LINE_OF_CODE":"85"}}
{"ts":1720789911660,"action":"FILE_CLOSED","file":"/app/src/main/java/com/ritesh/newsreader/AppConstants.kt","tags":{"FILE_LINE_OF_CODE":"86"}}
{"ts":1720789911660,"action":"FILE_OPENED","file":"/app/src/main/java/com/ritesh/newsreader/articles/data/repository/network/ApiInterface.kt","tags":{"FILE_LINE_OF_CODE":"45"}}
{"ts":1720789968389,"action":"IDE_DEACTIVATED"}
{"ts":1720790028871,"action":"IDE_ACTIVATED"}
{"ts":1720790028904,"action":"FILE_CLOSED","file":"/app/src/main/java/com/ritesh/newsreader/articles/data/repository/network/ApiInterface.kt","tags":{"FILE_LINE_OF_CODE":"46"}}
{"ts":1720790028904,"action":"FILE_OPENED","file":"/app/src/main/java/com/ritesh/newsreader/articles/data/model/Country.kt","tags":{"FILE_LINE_OF_CODE":"4"}}
{"ts":1720790037764,"action":"FILE_CLOSED","file":"/app/src/main/java/com/ritesh/newsreader/articles/data/model/Country.kt","tags":{"FILE_LINE_OF_CODE":"7"}}
{"ts":1720790037767,"action":"FILE_OPENED","file":"/app/src/main/java/com/ritesh/newsreader/AppConstants.kt","tags":{"FILE_LINE_OF_CODE":"86"}}
{"ts":1720790038876,"action":"FILE_CLOSED","file":"/app/src/main/java/com/ritesh/newsreader/AppConstants.kt","tags":{"FILE_LINE_OF_CODE":"86"}}
{"ts":1720790038876,"action":"FILE_OPENED","file":"/app/src/main/java/com/ritesh/newsreader/articles/data/model/Language.kt","tags":{"FILE_LINE_OF_CODE":"4"}}
{"ts":1720790044822,"action":"FILE_CLOSED","file":"/app/src/main/java/com/ritesh/newsreader/articles/data/model/Language.kt","tags":{"FILE_LINE_OF_CODE":"7"}}
{"ts":1720790044826,"action":"FILE_OPENED","file":"/app/src/main/java/com/ritesh/newsreader/AppConstants.kt","tags":{"FILE_LINE_OF_CODE":"86"}}
{"ts":1720790047165,"action":"FILE_CLOSED","file":"/app/src/main/java/com/ritesh/newsreader/AppConstants.kt","tags":{"FILE_LINE_OF_CODE":"86"}}
{"ts":1720790047165,"action":"FILE_OPENED","file":"/app/src/main/java/com/ritesh/newsreader/articles/data/model/ApiArticle.kt","tags":{"FILE_LINE_OF_CODE":"31"}}
{"ts":1720790052493,"action":"FILE_CLOSED","file":"/app/src/main/java/com/ritesh/newsreader/articles/data/model/ApiArticle.kt","tags":{"FILE_LINE_OF_CODE":"33"}}
{"ts":1720790052496,"action":"FILE_OPENED","file":"/app/src/main/java/com/ritesh/newsreader/AppConstants.kt","tags":{"FILE_LINE_OF_CODE":"86"}}
{"ts":1720790053960,"action":"FILE_CLOSED","file":"/app/src/main/java/com/ritesh/newsreader/AppConstants.kt","tags":{"FILE_LINE_OF_CODE":"86"}}
{"ts":1720790053960,"action":"FILE_OPENED","file":"/app/src/main/java/com/ritesh/newsreader/sources/data/model/ApiSource.kt","tags":{"FILE_LINE_OF_CODE":"13"}}
{"ts":1720790055769,"action":"FILE_CLOSED","file":"/app/src/main/java/com/ritesh/newsreader/sources/data/model/ApiSource.kt","tags":{"FILE_LINE_OF_CODE":"13"}}
{"ts":1720790055772,"action":"FILE_OPENED","file":"/app/src/main/java/com/ritesh/newsreader/AppConstants.kt","tags":{"FILE_LINE_OF_CODE":"86"}}
{"ts":1720790058092,"action":"FILE_CLOSED","file":"/app/src/main/java/com/ritesh/newsreader/AppConstants.kt","tags":{"FILE_LINE_OF_CODE":"86"}}
{"ts":1720790058092,"action":"FILE_OPENED","file":"/app/src/main/java/com/ritesh/newsreader/sources/data/model/SourcesResponse.kt","tags":{"FILE_LINE_OF_CODE":"16"}}
{"ts":1720790060053,"action":"FILE_CLOSED","file":"/app/src/main/java/com/ritesh/newsreader/sources/data/model/SourcesResponse.kt","tags":{"FILE_LINE_OF_CODE":"16"}}
{"ts":1720790060057,"action":"FILE_OPENED","file":"/app/src/main/java/com/ritesh/newsreader/AppConstants.kt","tags":{"FILE_LINE_OF_CODE":"86"}}
{"ts":1720790061884,"action":"FILE_CLOSED","file":"/app/src/main/java/com/ritesh/newsreader/AppConstants.kt","tags":{"FILE_LINE_OF_CODE":"86"}}
{"ts":1720790061884,"action":"FILE_OPENED","file":"/app/build.gradle.kts","tags":{"FILE_LINE_OF_CODE":"75"}}
{"ts":1720790065156,"action":"FILE_CLOSED","file":"/app/build.gradle.kts","tags":{"FILE_LINE_OF_CODE":"75"}}
{"ts":1720790065156,"action":"FILE_OPENED","file":"/app/src/main/java/com/ritesh/newsreader/AppConstants.kt","tags":{"FILE_LINE_OF_CODE":"86"}}
{"ts":1720790066015,"action":"FILE_CLOSED","file":"/app/src/main/java/com/ritesh/newsreader/AppConstants.kt","tags":{"FILE_LINE_OF_CODE":"86"}}
{"ts":1720790066015,"action":"FILE_OPENED","file":"/app/src/main/java/com/ritesh/newsreader/articles/data/repository/ArticleRepository.kt","tags":{"FILE_LINE_OF_CODE":"55"}}
{"ts":1720790067650,"action":"FILE_CLOSED","file":"/app/src/main/java/com/ritesh/newsreader/articles/data/repository/ArticleRepository.kt","tags":{"FILE_LINE_OF_CODE":"55"}}
{"ts":1720790067650,"action":"FILE_OPENED","file":"/app/src/main/java/com/ritesh/newsreader/articles/data/model/ArticlesResponse.kt","tags":{"FILE_LINE_OF_CODE":"17"}}
{"ts":1720790070321,"action":"FILE_CLOSED","file":"/app/src/main/java/com/ritesh/newsreader/articles/data/model/ArticlesResponse.kt","tags":{"FILE_LINE_OF_CODE":"17"}}
{"ts":1720790070324,"action":"FILE_OPENED","file":"/app/src/main/java/com/ritesh/newsreader/articles/data/repository/ArticleRepository.kt","tags":{"FILE_LINE_OF_CODE":"55"}}
{"ts":1720790071740,"action":"FILE_CLOSED","file":"/app/src/main/java/com/ritesh/newsreader/articles/data/repository/ArticleRepository.kt","tags":{"FILE_LINE_OF_CODE":"55"}}
{"ts":1720790071740,"action":"FILE_OPENED","file":"/app/build.gradle.kts","tags":{"FILE_LINE_OF_CODE":"75"}}
{"ts":1720790080581,"action":"FILE_CLOSED","file":"/app/build.gradle.kts","tags":{"FILE_LINE_OF_CODE":"75"}}
{"ts":1720790080581,"action":"FILE_OPENED","file":"/gradle/libs.versions.toml","tags":{"FILE_LINE_OF_CODE":"51"}}
{"ts":1720790197698,"action":"FILE_CLOSED","file":"/gradle/libs.versions.toml","tags":{"FILE_LINE_OF_CODE":"54"}}
{"ts":1720790197698,"action":"FILE_OPENED","file":"/app/build.gradle.kts","tags":{"FILE_LINE_OF_CODE":"75"}}
{"ts":1720790200973,"action":"FILE_CLOSED","file":"/app/build.gradle.kts","tags":{"FILE_LINE_OF_CODE":"75"}}
{"ts":1720790200973,"action":"FILE_OPENED","file":"/build.gradle.kts","tags":{"FILE_LINE_OF_CODE":"5"}}
{"ts":1720790225680,"action":"IDE_DEACTIVATED"}
{"ts":1720796266452,"action":"IDE_ACTIVATED"}
{"ts":1720796268686,"action":"FILE_CLOSED","file":"/build.gradle.kts","tags":{"FILE_LINE_OF_CODE":"6"}}
{"ts":1720796268686,"action":"FILE_OPENED","file":"/gradle/libs.versions.toml","tags":{"FILE_LINE_OF_CODE":"54"}}
{"ts":1720796291431,"action":"FILE_CLOSED","file":"/gradle/libs.versions.toml","tags":{"FILE_LINE_OF_CODE":"55"}}
{"ts":1720796291431,"action":"FILE_OPENED","file":"/app/build.gradle.kts","tags":{"FILE_LINE_OF_CODE":"75"}}
{"ts":1720796349795,"action":"IDE_DEACTIVATED"}
{"ts":1720796386958,"action":"IDE_ACTIVATED"}
{"ts":1720796390658,"action":"FILE_CLOSED","file":"/app/build.gradle.kts","tags":{"FILE_LINE_OF_CODE":"76"}}
{"ts":1720796390658,"action":"FILE_OPENED","file":"/settings.gradle.kts","tags":{"FILE_LINE_OF_CODE":"24"}}
{"ts":1720796399898,"action":"FILE_CLOSED","file":"/settings.gradle.kts","tags":{"FILE_LINE_OF_CODE":"24"}}
{"ts":1720796399898,"action":"FILE_OPENED","file":"/build.gradle.kts","tags":{"FILE_LINE_OF_CODE":"6"}}
{"ts":1720796406386,"action":"FILE_CLOSED","file":"/build.gradle.kts","tags":{"FILE_LINE_OF_CODE":"6"}}
{"ts":1720796406386,"action":"FILE_OPENED","file":"/gradle/libs.versions.toml","tags":{"FILE_LINE_OF_CODE":"55"}}
{"ts":1720796427275,"action":"FILE_CLOSED","file":"/gradle/libs.versions.toml","tags":{"FILE_LINE_OF_CODE":"55"}}
{"ts":1720796427275,"action":"FILE_OPENED","file":"/build.gradle.kts","tags":{"FILE_LINE_OF_CODE":"6"}}
{"ts":1720796447113,"action":"IDE_DEACTIVATED"}
{"ts":1720796480622,"action":"IDE_ACTIVATED"}
{"ts":1720796485633,"action":"FILE_CLOSED","file":"/build.gradle.kts","tags":{"FILE_LINE_OF_CODE":"6"}}
{"ts":1720796485633,"action":"FILE_OPENED","file":"/gradle/libs.versions.toml","tags":{"FILE_LINE_OF_CODE":"55"}}
{"ts":1720796487984,"action":"FILE_CLOSED","file":"/gradle/libs.versions.toml","tags":{"FILE_LINE_OF_CODE":"55"}}
{"ts":1720796487984,"action":"FILE_OPENED","file":"/app/build.gradle.kts","tags":{"FILE_LINE_OF_CODE":"76"}}
{"ts":1720796497569,"action":"FILE_CLOSED","file":"/app/build.gradle.kts","tags":{"FILE_LINE_OF_CODE":"75"}}
{"ts":1720796497569,"action":"FILE_OPENED","file":"/build.gradle.kts","tags":{"FILE_LINE_OF_CODE":"6"}}
{"ts":1720796513659,"action":"FILE_CLOSED","file":"/build.gradle.kts","tags":{"FILE_LINE_OF_CODE":"7"}}
{"ts":1720796513659,"action":"FILE_OPENED","file":"/settings.gradle.kts","tags":{"FILE_LINE_OF_CODE":"24"}}
{"ts":1720796515464,"action":"IDE_DEACTIVATED"}
{"ts":1720796592658,"action":"IDE_ACTIVATED"}
{"ts":1720796595893,"action":"FILE_CLOSED","file":"/settings.gradle.kts","tags":{"FILE_LINE_OF_CODE":"24"}}
{"ts":1720796595893,"action":"FILE_OPENED","file":"/build.gradle.kts","tags":{"FILE_LINE_OF_CODE":"7"}}
{"ts":1720796604135,"action":"FILE_CLOSED","file":"/build.gradle.kts","tags":{"FILE_LINE_OF_CODE":"7"}}
{"ts":1720796604135,"action":"FILE_OPENED","file":"/app/build.gradle.kts","tags":{"FILE_LINE_OF_CODE":"75"}}
{"ts":1720796618246,"action":"FILE_CLOSED","file":"/app/build.gradle.kts","tags":{"FILE_LINE_OF_CODE":"75"}}
{"ts":1720796618246,"action":"FILE_OPENED","file":"/build.gradle.kts","tags":{"FILE_LINE_OF_CODE":"7"}}
{"ts":1720796625968,"action":"IDE_DEACTIVATED"}
{"ts":1720796662892,"action":"IDE_ACTIVATED"}
{"ts":1720796668954,"action":"FILE_CLOSED","file":"/build.gradle.kts","tags":{"FILE_LINE_OF_CODE":"7"}}
{"ts":1720796668954,"action":"FILE_OPENED","file":"/settings.gradle.kts","tags":{"FILE_LINE_OF_CODE":"24"}}
{"ts":1720796682449,"action":"FILE_CLOSED","file":"/settings.gradle.kts","tags":{"FILE_LINE_OF_CODE":"24"}}
{"ts":1720796682449,"action":"FILE_OPENED","file":"/build.gradle.kts","tags":{"FILE_LINE_OF_CODE":"7"}}
{"ts":1720796685710,"action":"FILE_CLOSED","file":"/build.gradle.kts","tags":{"FILE_LINE_OF_CODE":"7"}}
{"ts":1720796685710,"action":"FILE_OPENED","file":"/settings.gradle.kts","tags":{"FILE_LINE_OF_CODE":"24"}}
{"ts":1720796686540,"action":"FILE_CLOSED","file":"/settings.gradle.kts","tags":{"FILE_LINE_OF_CODE":"24"}}
{"ts":1720796686552,"action":"FILE_OPENED","file":"/app/build.gradle.kts","tags":{"FILE_LINE_OF_CODE":"75"}}
{"ts":1720796690163,"action":"IDE_DEACTIVATED"}
{"ts":1720796717632,"action":"IDE_ACTIVATED"}
{"ts":1720796741027,"action":"FILE_CLOSED","file":"/app/build.gradle.kts","tags":{"FILE_LINE_OF_CODE":"77"}}
{"ts":1720796741027,"action":"FILE_OPENED","file":"/gradle/libs.versions.toml","tags":{"FILE_LINE_OF_CODE":"55"}}
{"ts":1720796749415,"action":"FILE_CLOSED","file":"/gradle/libs.versions.toml","tags":{"FILE_LINE_OF_CODE":"55"}}
{"ts":1720796749415,"action":"FILE_OPENED","file":"/app/build.gradle.kts","tags":{"FILE_LINE_OF_CODE":"77"}}
{"ts":1720796799105,"action":"IDE_DEACTIVATED"}
{"ts":1720796810751,"action":"IDE_ACTIVATED"}
{"ts":1720796834565,"action":"IDE_DEACTIVATED"}
{"ts":1720796834576,"action":"IDE_ACTIVATED"}
{"ts":1720796854827,"action":"FILE_CLOSED","file":"/app/build.gradle.kts","tags":{"FILE_LINE_OF_CODE":"83"}}
{"ts":1720796854827,"action":"FILE_OPENED","file":"/gradle/libs.versions.toml","tags":{"FILE_LINE_OF_CODE":"55"}}
{"ts":1720796883806,"action":"IDE_DEACTIVATED"}
{"ts":1720796908716,"action":"IDE_ACTIVATED"}
{"ts":1720796954264,"action":"IDE_DEACTIVATED"}
{"ts":1720797085132,"action":"IDE_ACTIVATED"}
{"ts":1720797338508,"action":"IDE_DEACTIVATED"}
{"ts":1720797366456,"action":"IDE_ACTIVATED"}
{"ts":1720797371580,"action":"FILE_CLOSED","file":"/gradle/libs.versions.toml","tags":{"FILE_LINE_OF_CODE":"63"}}
{"ts":1720797371580,"action":"FILE_OPENED","file":"/app/build.gradle.kts","tags":{"FILE_LINE_OF_CODE":"83"}}
{"ts":1720797390834,"action":"FILE_CLOSED","file":"/app/build.gradle.kts","tags":{"FILE_LINE_OF_CODE":"83"}}
{"ts":1720797390834,"action":"FILE_OPENED","file":"/gradle/libs.versions.toml","tags":{"FILE_LINE_OF_CODE":"63"}}
{"ts":1720797408536,"action":"FILE_CLOSED","file":"/gradle/libs.versions.toml","tags":{"FILE_LINE_OF_CODE":"63"}}
{"ts":1720797408537,"action":"FILE_OPENED","file":"/app/build.gradle.kts","tags":{"FILE_LINE_OF_CODE":"83"}}
{"ts":1720797418556,"action":"IDE_DEACTIVATED"}
{"ts":1720797418558,"action":"IDE_ACTIVATED"}
{"ts":1720797455313,"action":"FILE_CLOSED","file":"/app/build.gradle.kts","tags":{"FILE_LINE_OF_CODE":"87"}}
{"ts":1720797455313,"action":"FILE_OPENED","file":"/gradle/libs.versions.toml","tags":{"FILE_LINE_OF_CODE":"63"}}
{"ts":1720797467925,"action":"FILE_CLOSED","file":"/gradle/libs.versions.toml","tags":{"FILE_LINE_OF_CODE":"63"}}
{"ts":1720797467925,"action":"FILE_OPENED","file":"/app/build.gradle.kts","tags":{"FILE_LINE_OF_CODE":"87"}}
{"ts":1720797504682,"action":"FILE_CLOSED","file":"/app/build.gradle.kts","tags":{"FILE_LINE_OF_CODE":"87"}}
{"ts":1720797504682,"action":"FILE_OPENED","file":"/build.gradle.kts","tags":{"FILE_LINE_OF_CODE":"7"}}
{"ts":1720797512427,"action":"FILE_CLOSED","file":"/build.gradle.kts","tags":{"FILE_LINE_OF_CODE":"7"}}
{"ts":1720797512427,"action":"FILE_OPENED","file":"/app/build.gradle.kts","tags":{"FILE_LINE_OF_CODE":"87"}}
{"ts":1720797599826,"action":"FILE_CLOSED","file":"/app/build.gradle.kts","tags":{"FILE_LINE_OF_CODE":"88"}}
{"ts":1720797599826,"action":"FILE_OPENED","file":"/gradle/libs.versions.toml","tags":{"FILE_LINE_OF_CODE":"63"}}
{"ts":1720797606281,"action":"FILE_CLOSED","file":"/gradle/libs.versions.toml","tags":{"FILE_LINE_OF_CODE":"63"}}
{"ts":1720797606281,"action":"FILE_OPENED","file":"/app/build.gradle.kts","tags":{"FILE_LINE_OF_CODE":"88"}}
{"ts":1720797610546,"action":"FILE_CLOSED","file":"/app/build.gradle.kts","tags":{"FILE_LINE_OF_CODE":"88"}}
{"ts":1720797610546,"action":"FILE_OPENED","file":"/gradle/libs.versions.toml","tags":{"FILE_LINE_OF_CODE":"63"}}
{"ts":1720797624234,"action":"IDE_DEACTIVATED"}
{"ts":1720797770974,"action":"IDE_ACTIVATED"}
{"ts":1720797773128,"action":"FILE_CLOSED","file":"/gradle/libs.versions.toml","tags":{"FILE_LINE_OF_CODE":"63"}}
{"ts":1720797773128,"action":"FILE_OPENED","file":"/app/build.gradle.kts","tags":{"FILE_LINE_OF_CODE":"88"}}
{"ts":1720797828306,"action":"IDE_DEACTIVATED"}
{"ts":1720797828308,"action":"IDE_ACTIVATED"}
{"ts":1720797872405,"action":"IDE_DEACTIVATED"}
{"ts":1720797966714,"action":"IDE_ACTIVATED"}
{"ts":1720797972693,"action":"FILE_CLOSED","file":"/app/build.gradle.kts","tags":{"FILE_LINE_OF_CODE":"82"}}
{"ts":1720797972693,"action":"FILE_OPENED","file":"/gradle/libs.versions.toml","tags":{"FILE_LINE_OF_CODE":"63"}}
{"ts":1720797981406,"action":"FILE_CLOSED","file":"/gradle/libs.versions.toml","tags":{"FILE_LINE_OF_CODE":"63"}}
{"ts":1720797981406,"action":"FILE_OPENED","file":"/app/build.gradle.kts","tags":{"FILE_LINE_OF_CODE":"82"}}
{"ts":1720798003270,"action":"IDE_DEACTIVATED"}
{"ts":1720798010571,"action":"IDE_ACTIVATED"}
{"ts":1720798016883,"action":"IDE_DEACTIVATED"}
{"ts":1720798032335,"action":"IDE_ACTIVATED"}
{"ts":1720798040182,"action":"IDE_DEACTIVATED"}
{"ts":1720798047687,"action":"IDE_ACTIVATED"}
{"ts":1720798051856,"action":"IDE_DEACTIVATED"}
{"ts":1720798066574,"action":"IDE_ACTIVATED"}
{"ts":1720798075679,"action":"FILE_CLOSED","file":"/app/build.gradle.kts","tags":{"FILE_LINE_OF_CODE":"88"}}
{"ts":1720798075679,"action":"FILE_OPENED","file":"/app/src/main/java/com/ritesh/newsreader/NewsReaderApp.kt","tags":{"FILE_LINE_OF_CODE":"6"}}
{"ts":1720798083633,"action":"IDE_DEACTIVATED"}
{"ts":1720798102485,"action":"IDE_ACTIVATED"}
{"ts":1720798104945,"action":"FILE_CLOSED","file":"/app/src/main/java/com/ritesh/newsreader/NewsReaderApp.kt","tags":{"FILE_LINE_OF_CODE":"8"}}
{"ts":1720798104945,"action":"FILE_OPENED","file":"/app/src/main/java/com/ritesh/newsreader/MainActivity.kt","tags":{"FILE_LINE_OF_CODE":"43"}}
{"ts":1720798126961,"action":"IDE_DEACTIVATED"}
{"ts":1720798126971,"action":"IDE_ACTIVATED"}
{"ts":1720798136510,"action":"IDE_DEACTIVATED"}
{"ts":1720798234815,"action":"IDE_ACTIVATED"}
{"ts":1720798243853,"action":"IDE_DEACTIVATED"}
{"ts":1720798243855,"action":"IDE_ACTIVATED"}
{"ts":1720798416969,"action":"FILE_CLOSED","file":"/app/src/main/java/com/ritesh/newsreader/MainActivity.kt","tags":{"FILE_LINE_OF_CODE":"45"}}
{"ts":1720798416969,"action":"FILE_OPENED","file":"/app/src/main/AndroidManifest.xml","tags":{"FILE_LINE_OF_CODE":"28"}}
{"ts":1720798612320,"action":"IDE_DEACTIVATED"}
{"ts":1720798643055,"action":"IDE_ACTIVATED"}
{"ts":1720798645754,"action":"FILE_CLOSED","file":"/app/src/main/AndroidManifest.xml","tags":{"FILE_LINE_OF_CODE":"28"}}
{"ts":1720798645754,"action":"FILE_OPENED","file":"/settings.gradle.kts","tags":{"FILE_LINE_OF_CODE":"24"}}
{"ts":1720798653869,"action":"IDE_DEACTIVATED"}
{"ts":1720798663369,"action":"IDE_ACTIVATED"}
{"ts":1720798685238,"action":"IDE_DEACTIVATED"}
{"ts":1720798685239,"action":"IDE_ACTIVATED"}
{"ts":1720798741118,"action":"IDE_DEACTIVATED"}
{"ts":1720798743637,"action":"IDE_ACTIVATED"}
{"ts":1720798759238,"action":"IDE_DEACTIVATED"}
{"ts":1720798820506,"action":"IDE_ACTIVATED"}
{"ts":1720798836066,"action":"FILE_CLOSED","file":"/settings.gradle.kts","tags":{"FILE_LINE_OF_CODE":"27"}}
{"ts":1720798836088,"action":"FILE_OPENED","file":"/app/src/main/AndroidManifest.xml","tags":{"FILE_LINE_OF_CODE":"28"}}
{"ts":1720798844836,"action":"FILE_CLOSED","file":"/app/src/main/AndroidManifest.xml","tags":{"FILE_LINE_OF_CODE":"28"}}
{"ts":1720798844836,"action":"FILE_OPENED","file":"/build.gradle.kts","tags":{"FILE_LINE_OF_CODE":"7"}}
{"ts":1720798868812,"action":"FILE_CLOSED","file":"/build.gradle.kts","tags":{"FILE_LINE_OF_CODE":"7"}}
{"ts":1720798868812,"action":"FILE_OPENED","file":"/app/build.gradle.kts","tags":{"FILE_LINE_OF_CODE":"88"}}
{"ts":1720798870259,"action":"FILE_CLOSED","file":"/app/build.gradle.kts","tags":{"FILE_LINE_OF_CODE":"88"}}
{"ts":1720798870259,"action":"FILE_OPENED","file":"/build.gradle.kts","tags":{"FILE_LINE_OF_CODE":"7"}}
{"ts":1720798874377,"action":"FILE_CLOSED","file":"/build.gradle.kts","tags":{"FILE_LINE_OF_CODE":"7"}}
{"ts":1720798874377,"action":"FILE_OPENED","file":"/settings.gradle.kts","tags":{"FILE_LINE_OF_CODE":"27"}}
{"ts":1720798893637,"action":"FILE_CLOSED","file":"/settings.gradle.kts","tags":{"FILE_LINE_OF_CODE":"24"}}
{"ts":1720798893637,"action":"FILE_OPENED","file":"/gradle/libs.versions.toml","tags":{"FILE_LINE_OF_CODE":"63"}}
{"ts":1720798931284,"action":"IDE_DEACTIVATED"}
{"ts":1720798951243,"action":"IDE_ACTIVATED"}
{"ts":1720799008331,"action":"FILE_CLOSED","file":"/gradle/libs.versions.toml","tags":{"FILE_LINE_OF_CODE":"63"}}
{"ts":1720799008331,"action":"FILE_OPENED","file":"/app/src/main/AndroidManifest.xml","tags":{"FILE_LINE_OF_CODE":"28"}}
{"ts":1720799036970,"action":"IDE_DEACTIVATED"}
{"ts":1720799036982,"action":"IDE_ACTIVATED"}
{"ts":1720799055049,"action":"IDE_DEACTIVATED"}
{"ts":1720799055064,"action":"IDE_ACTIVATED"}
{"ts":1720799093477,"action":"IDE_DEACTIVATED"}
{"ts":1720799199187,"action":"IDE_ACTIVATED"}
